<?xml version="1.0" encoding="UTF-8"?>
<!-- Generated by org.testng.reporters.JUnitReportReporter -->
<testsuite hostname="TYUDM" failures="0" tests="1" name="ua.Rozetka.FirstTest" time="4.042" errors="0" timestamp="25 Jun 2020 05:23:31 GMT">
  <testcase classname="ua.Rozetka.FirstTest" name="MainPage" time="4.042"/>
</testsuite> <!-- ua.Rozetka.FirstTest -->
